<?xml version="1.0" encoding="UTF-8"?><testrun name="AllTests" project="EX049" tests="9" started="9" failures="1" errors="0" ignored="0">
  <testsuite name="tests.Suite.AllTests" time="0.028">
    <testsuite name="com.test.testJogador" time="0.0">
      <testcase name="testPontuacaoJogadorvalor2" classname="com.test.testJogador" time="0.0"/>
      <testcase name="testComprarCarta" classname="com.test.testJogador" time="0.0"/>
      <testcase name="testPontuaçãoInicialJogador" classname="com.test.testJogador" time="0.0"/>
      <testcase name="testCriarJogadores" classname="com.test.testJogador" time="0.0"/>
    </testsuite>
    <testsuite name="com.test.TestJogo" time="0.025">
      <testcase name="testBaralhoOrdenado" classname="com.test.TestJogo" time="0.004"/>
      <testcase name="testPartidaApostadorComprandoAte21" classname="com.test.TestJogo" time="0.021">
        <failure>java.lang.AssertionError: Às de Copas&#13;
3 de Paus&#13;
10 de Copas&#13;
5 de Copas&#13;
Valete de Espadas&#13;
 expected:&lt;21&gt; but was:&lt;29&gt;&#13;
	at org.junit.Assert.fail(Assert.java:88)&#13;
	at org.junit.Assert.failNotEquals(Assert.java:743)&#13;
	at org.junit.Assert.assertEquals(Assert.java:118)&#13;
	at org.junit.Assert.assertEquals(Assert.java:555)&#13;
	at com.test.TestJogo.testPartidaApostadorComprandoAte21(TestJogo.java:34)&#13;
	at sun.reflect.NativeMethodAccessorImpl.invoke0(Native Method)&#13;
	at sun.reflect.NativeMethodAccessorImpl.invoke(Unknown Source)&#13;
	at sun.reflect.DelegatingMethodAccessorImpl.invoke(Unknown Source)&#13;
	at java.lang.reflect.Method.invoke(Unknown Source)&#13;
	at org.junit.runners.model.FrameworkMethod$1.runReflectiveCall(FrameworkMethod.java:47)&#13;
	at org.junit.internal.runners.model.ReflectiveCallable.run(ReflectiveCallable.java:12)&#13;
	at org.junit.runners.model.FrameworkMethod.invokeExplosively(FrameworkMethod.java:44)&#13;
	at org.junit.internal.runners.statements.InvokeMethod.evaluate(InvokeMethod.java:17)&#13;
	at org.junit.internal.runners.statements.RunBefores.evaluate(RunBefores.java:26)&#13;
	at org.junit.runners.ParentRunner.runLeaf(ParentRunner.java:271)&#13;
	at org.junit.runners.BlockJUnit4ClassRunner.runChild(BlockJUnit4ClassRunner.java:70)&#13;
	at org.junit.runners.BlockJUnit4ClassRunner.runChild(BlockJUnit4ClassRunner.java:50)&#13;
	at org.junit.runners.ParentRunner$3.run(ParentRunner.java:238)&#13;
	at org.junit.runners.ParentRunner$1.schedule(ParentRunner.java:63)&#13;
	at org.junit.runners.ParentRunner.runChildren(ParentRunner.java:236)&#13;
	at org.junit.runners.ParentRunner.access$000(ParentRunner.java:53)&#13;
	at org.junit.runners.ParentRunner$2.evaluate(ParentRunner.java:229)&#13;
	at org.junit.runners.ParentRunner.run(ParentRunner.java:309)&#13;
	at org.junit.runners.Suite.runChild(Suite.java:127)&#13;
	at org.junit.runners.Suite.runChild(Suite.java:26)&#13;
	at org.junit.runners.ParentRunner$3.run(ParentRunner.java:238)&#13;
	at org.junit.runners.ParentRunner$1.schedule(ParentRunner.java:63)&#13;
	at org.junit.runners.ParentRunner.runChildren(ParentRunner.java:236)&#13;
	at org.junit.runners.ParentRunner.access$000(ParentRunner.java:53)&#13;
	at org.junit.runners.ParentRunner$2.evaluate(ParentRunner.java:229)&#13;
	at org.junit.runners.ParentRunner.run(ParentRunner.java:309)&#13;
	at org.eclipse.jdt.internal.junit4.runner.JUnit4TestReference.run(JUnit4TestReference.java:50)&#13;
	at org.eclipse.jdt.internal.junit.runner.TestExecution.run(TestExecution.java:38)&#13;
	at org.eclipse.jdt.internal.junit.runner.RemoteTestRunner.runTests(RemoteTestRunner.java:467)&#13;
	at org.eclipse.jdt.internal.junit.runner.RemoteTestRunner.runTests(RemoteTestRunner.java:683)&#13;
	at org.eclipse.jdt.internal.junit.runner.RemoteTestRunner.run(RemoteTestRunner.java:390)&#13;
	at org.eclipse.jdt.internal.junit.runner.RemoteTestRunner.main(RemoteTestRunner.java:197)&#13;
&#13;
</failure>
      </testcase>
    </testsuite>
    <testsuite name="com.test.TestCartas" time="0.003">
      <testcase name="testRetornoToString" classname="com.test.TestCartas" time="0.002"/>
      <testcase name="testEstadoDaCartaUsada" classname="com.test.TestCartas" time="0.0"/>
      <testcase name="testEstadoDaCartaNaoUsada" classname="com.test.TestCartas" time="0.001"/>
    </testsuite>
  </testsuite>
</testrun>
