<?xml version="1.0" encoding="UTF-8"?><testrun name="TestJogo" project="EX049" tests="2" started="2" failures="2" errors="0" ignored="0">
  <testsuite name="com.test.TestJogo" time="0.079">
    <testcase name="testVerificaSePartidaListaBaralhoOrdenado" classname="com.test.TestJogo" time="0.077">
      <failure>
        <expected>Não Listou Cartas OrdenadasÀs de Copas&#13;
2 de Copas&#13;
3 de Copas&#13;
4 de Copas&#13;
5 de Copas&#13;
6 de Copas&#13;
7 de Copas&#13;
8 de Copas&#13;
9 de Copas&#13;
10 de Copas&#13;
Valete de Copas&#13;
Dama de Copas&#13;
Rei de Copas&#13;
Às de Espadas&#13;
2 de Espadas&#13;
3 de Espadas&#13;
4 de Espadas&#13;
5 de Espadas&#13;
6 de Espadas&#13;
7 de Espadas&#13;
8 de Espadas&#13;
9 de Espadas&#13;
10 de Espadas&#13;
Valete de Espadas&#13;
Dama de Espadas&#13;
Rei de Espadas&#13;
Às de Ouro&#13;
2 de Ouro&#13;
3 de Ouro&#13;
4 de Ouro&#13;
5 de Ouro&#13;
6 de Ouro&#13;
7 de Ouro&#13;
8 de Ouro&#13;
9 de Ouro&#13;
10 de Ouro&#13;
Valete de Ouro&#13;
Dama de Ouro&#13;
Rei de Ouro&#13;
Às de Paus&#13;
2 de Paus&#13;
3 de Paus&#13;
4 de Paus&#13;
5 de Paus&#13;
6 de Paus&#13;
7 de Paus&#13;
8 de Paus&#13;
9 de Paus&#13;
10 de Paus&#13;
Valete de Paus&#13;
Dama de Paus&#13;
Rei de Paus&#13;
</expected>
        <actual>Às de Copas&#13;
2 de Copas&#13;
3 de Copas&#13;
4 de Copas&#13;
5 de Copas&#13;
6 de Copas&#13;
7 de Copas&#13;
8 de Copas&#13;
9 de Copas&#13;
10 de Copas&#13;
Valete de Copas&#13;
Dama de Copas&#13;
Rei de Copas&#13;
Às de Espadas&#13;
2 de Espadas&#13;
3 de Espadas&#13;
4 de Espadas&#13;
5 de Espadas&#13;
6 de Espadas&#13;
7 de Espadas&#13;
8 de Espadas&#13;
9 de Espadas&#13;
10 de Espadas&#13;
Valete de Espadas&#13;
Dama de Espadas&#13;
Rei de Espadas&#13;
Às de Ouro&#13;
2 de Ouro&#13;
3 de Ouro&#13;
4 de Ouro&#13;
5 de Ouro&#13;
6 de Ouro&#13;
7 de Ouro&#13;
8 de Ouro&#13;
9 de Ouro&#13;
10 de Ouro&#13;
Valete de Ouro&#13;
Dama de Ouro&#13;
Rei de Ouro&#13;
Às de Paus&#13;
2 de Paus&#13;
3 de Paus&#13;
4 de Paus&#13;
5 de Paus&#13;
6 de Paus&#13;
7 de Paus&#13;
8 de Paus&#13;
9 de Paus&#13;
10 de Paus&#13;
Valete de Paus&#13;
Dama de Paus&#13;
Rei de Paus&#13;
</actual>org.junit.ComparisonFailure: expected:&lt;[Não Listou Cartas Ordenadas]Às de Copas&#13;
2 de Co...&gt; but was:&lt;[]Às de Copas&#13;
2 de Co...&gt;&#13;
	at org.junit.Assert.assertEquals(Assert.java:115)&#13;
	at org.junit.Assert.assertEquals(Assert.java:144)&#13;
	at com.test.TestJogo.testVerificaSePartidaListaBaralhoOrdenado(TestJogo.java:23)&#13;
	at sun.reflect.NativeMethodAccessorImpl.invoke0(Native Method)&#13;
	at sun.reflect.NativeMethodAccessorImpl.invoke(Unknown Source)&#13;
	at sun.reflect.DelegatingMethodAccessorImpl.invoke(Unknown Source)&#13;
	at java.lang.reflect.Method.invoke(Unknown Source)&#13;
	at org.junit.runners.model.FrameworkMethod$1.runReflectiveCall(FrameworkMethod.java:47)&#13;
	at org.junit.internal.runners.model.ReflectiveCallable.run(ReflectiveCallable.java:12)&#13;
	at org.junit.runners.model.FrameworkMethod.invokeExplosively(FrameworkMethod.java:44)&#13;
	at org.junit.internal.runners.statements.InvokeMethod.evaluate(InvokeMethod.java:17)&#13;
	at org.junit.internal.runners.statements.RunBefores.evaluate(RunBefores.java:26)&#13;
	at org.junit.runners.ParentRunner.runLeaf(ParentRunner.java:271)&#13;
	at org.junit.runners.BlockJUnit4ClassRunner.runChild(BlockJUnit4ClassRunner.java:70)&#13;
	at org.junit.runners.BlockJUnit4ClassRunner.runChild(BlockJUnit4ClassRunner.java:50)&#13;
	at org.junit.runners.ParentRunner$3.run(ParentRunner.java:238)&#13;
	at org.junit.runners.ParentRunner$1.schedule(ParentRunner.java:63)&#13;
	at org.junit.runners.ParentRunner.runChildren(ParentRunner.java:236)&#13;
	at org.junit.runners.ParentRunner.access$000(ParentRunner.java:53)&#13;
	at org.junit.runners.ParentRunner$2.evaluate(ParentRunner.java:229)&#13;
	at org.junit.runners.ParentRunner.run(ParentRunner.java:309)&#13;
	at org.eclipse.jdt.internal.junit4.runner.JUnit4TestReference.run(JUnit4TestReference.java:50)&#13;
	at org.eclipse.jdt.internal.junit.runner.TestExecution.run(TestExecution.java:38)&#13;
	at org.eclipse.jdt.internal.junit.runner.RemoteTestRunner.runTests(RemoteTestRunner.java:467)&#13;
	at org.eclipse.jdt.internal.junit.runner.RemoteTestRunner.runTests(RemoteTestRunner.java:683)&#13;
	at org.eclipse.jdt.internal.junit.runner.RemoteTestRunner.run(RemoteTestRunner.java:390)&#13;
	at org.eclipse.jdt.internal.junit.runner.RemoteTestRunner.main(RemoteTestRunner.java:197)&#13;
&#13;
</failure>
    </testcase>
    <testcase name="testPartidaApostadorComprandoAte21" classname="com.test.TestJogo" time="0.002">
      <failure>java.lang.AssertionError: Dama de Paus&#13;
4 de Copas&#13;
Valete de Espadas&#13;
 expected:&lt;21&gt; but was:&lt;24&gt;&#13;
	at org.junit.Assert.fail(Assert.java:88)&#13;
	at org.junit.Assert.failNotEquals(Assert.java:743)&#13;
	at org.junit.Assert.assertEquals(Assert.java:118)&#13;
	at org.junit.Assert.assertEquals(Assert.java:555)&#13;
	at com.test.TestJogo.testPartidaApostadorComprandoAte21(TestJogo.java:36)&#13;
	at sun.reflect.NativeMethodAccessorImpl.invoke0(Native Method)&#13;
	at sun.reflect.NativeMethodAccessorImpl.invoke(Unknown Source)&#13;
	at sun.reflect.DelegatingMethodAccessorImpl.invoke(Unknown Source)&#13;
	at java.lang.reflect.Method.invoke(Unknown Source)&#13;
	at org.junit.runners.model.FrameworkMethod$1.runReflectiveCall(FrameworkMethod.java:47)&#13;
	at org.junit.internal.runners.model.ReflectiveCallable.run(ReflectiveCallable.java:12)&#13;
	at org.junit.runners.model.FrameworkMethod.invokeExplosively(FrameworkMethod.java:44)&#13;
	at org.junit.internal.runners.statements.InvokeMethod.evaluate(InvokeMethod.java:17)&#13;
	at org.junit.internal.runners.statements.RunBefores.evaluate(RunBefores.java:26)&#13;
	at org.junit.runners.ParentRunner.runLeaf(ParentRunner.java:271)&#13;
	at org.junit.runners.BlockJUnit4ClassRunner.runChild(BlockJUnit4ClassRunner.java:70)&#13;
	at org.junit.runners.BlockJUnit4ClassRunner.runChild(BlockJUnit4ClassRunner.java:50)&#13;
	at org.junit.runners.ParentRunner$3.run(ParentRunner.java:238)&#13;
	at org.junit.runners.ParentRunner$1.schedule(ParentRunner.java:63)&#13;
	at org.junit.runners.ParentRunner.runChildren(ParentRunner.java:236)&#13;
	at org.junit.runners.ParentRunner.access$000(ParentRunner.java:53)&#13;
	at org.junit.runners.ParentRunner$2.evaluate(ParentRunner.java:229)&#13;
	at org.junit.runners.ParentRunner.run(ParentRunner.java:309)&#13;
	at org.eclipse.jdt.internal.junit4.runner.JUnit4TestReference.run(JUnit4TestReference.java:50)&#13;
	at org.eclipse.jdt.internal.junit.runner.TestExecution.run(TestExecution.java:38)&#13;
	at org.eclipse.jdt.internal.junit.runner.RemoteTestRunner.runTests(RemoteTestRunner.java:467)&#13;
	at org.eclipse.jdt.internal.junit.runner.RemoteTestRunner.runTests(RemoteTestRunner.java:683)&#13;
	at org.eclipse.jdt.internal.junit.runner.RemoteTestRunner.run(RemoteTestRunner.java:390)&#13;
	at org.eclipse.jdt.internal.junit.runner.RemoteTestRunner.main(RemoteTestRunner.java:197)&#13;
&#13;
</failure>
    </testcase>
  </testsuite>
</testrun>
